<?xml version="1.0" encoding="UTF-8"?>
<testsuite name="dev.request.system.controller.RequestControllerTest" tests="5" skipped="0" failures="0" errors="0" timestamp="2026-09-23T01:44:38.041Z" hostname="DESKTOP-HN97G99" time="3.439">
  <properties/>
  <testcase name="요청을_삭제한다()" classname="dev.request.system.controller.RequestControllerTest" time="0.261"/>
  <testcase name="요청을_수정한다()" classname="dev.request.system.controller.RequestControllerTest" time="0.102"/>
  <testcase name="요청상세를_조회한다()" classname="dev.request.system.controller.RequestControllerTest" time="0.033"/>
  <testcase name="요청목록을_조회한다()" classname="dev.request.system.controller.RequestControllerTest" time="0.008"/>
  <testcase name="빈등록은_등록되지_않는다()" classname="dev.request.system.controller.RequestControllerTest" time="0.039"/>
  <system-out><![CDATA[10:44:38.233 [Test worker] INFO org.springframework.test.context.support.AnnotationConfigContextLoaderUtils -- Could not detect default configuration classes for test class [dev.request.system.controller.RequestControllerTest]: RequestControllerTest does not declare any static, non-private, non-final, nested classes annotated with @Configuration.
10:44:38.364 [Test worker] INFO org.springframework.boot.test.context.SpringBootTestContextBootstrapper -- Found @SpringBootConfiguration dev.request.system.RequestSystemApplication for test class dev.request.system.controller.RequestControllerTest
10:44:38.367 [Test worker] INFO org.springframework.test.context.support.AnnotationConfigContextLoaderUtils -- Could not detect default configuration classes for test class [dev.request.system.controller.RequestControllerTest]: RequestControllerTest does not declare any static, non-private, non-final, nested classes annotated with @Configuration.
10:44:38.376 [Test worker] INFO org.springframework.boot.test.context.SpringBootTestContextBootstrapper -- Found @SpringBootConfiguration dev.request.system.RequestSystemApplication for test class dev.request.system.controller.RequestControllerTest

  .   ____          _            __ _ _
 /\\ / ___'_ __ _ _(_)_ __  __ _ \ \ \ \
( ( )\___ | '_ | '_| | '_ \/ _` | \ \ \ \
 \\/  ___)| |_)| | | | | || (_| |  ) ) ) )
  '  |____| .__|_| |_|_| |_\__, | / / / /
 =========|_|==============|___/=/_/_/_/

 :: Spring Boot ::                (v4.1.0)

2026-09-23T10:44:38.794+09:00  INFO 6400 --- [request-system] [    Test worker] d.r.s.controller.RequestControllerTest   : Starting RequestControllerTest using Java 21.0.11 with PID 6400 (started by user in C:\dev\request-system)
2026-09-23T10:44:38.796+09:00  INFO 6400 --- [request-system] [    Test worker] d.r.s.controller.RequestControllerTest   : No active profile set, falling back to 1 default profile: "default"
2026-09-23T10:44:40.371+09:00  INFO 6400 --- [request-system] [    Test worker] o.s.b.w.a.WelcomePageHandlerMapping      : Adding welcome page template: index
2026-09-23T10:44:40.948+09:00  INFO 6400 --- [request-system] [    Test worker] o.s.b.t.m.w.SpringBootMockServletContext : Initializing Spring TestDispatcherServlet ''
2026-09-23T10:44:40.948+09:00  INFO 6400 --- [request-system] [    Test worker] o.s.t.web.servlet.TestDispatcherServlet  : Initializing Servlet ''
2026-09-23T10:44:40.954+09:00  INFO 6400 --- [request-system] [    Test worker] o.s.t.web.servlet.TestDispatcherServlet  : Completed initialization in 4 ms
2026-09-23T10:44:41.002+09:00  INFO 6400 --- [request-system] [    Test worker] d.r.s.controller.RequestControllerTest   : Started RequestControllerTest in 2.556 seconds (process running for 3.861)
]]></system-out>
  <system-err><![CDATA[Mockito is currently self-attaching to enable the inline-mock-maker. This will no longer work in future releases of the JDK. Please add Mockito as an agent to your build as described in Mockito's documentation: https://javadoc.io/doc/org.mockito/mockito-core/latest/org.mockito/org/mockito/Mockito.html#0.3
WARNING: A Java agent has been loaded dynamically (C:\Users\user\.gradle\caches\modules-2\files-2.1\net.bytebuddy\byte-buddy-agent\1.18.10\9426d28828bdcdf42666bb7a68c468279ea78f59\byte-buddy-agent-1.18.10.jar)
WARNING: If a serviceability tool is in use, please run with -XX:+EnableDynamicAgentLoading to hide this warning
WARNING: If a serviceability tool is not in use, please run with -Djdk.instrument.traceUsage for more information
WARNING: Dynamic loading of agents will be disallowed by default in a future release
]]></system-err>
</testsuite>
